id firstName LastName email 
1 "john" "doe" "johndoe@gmail.com"
2 "johny" "bog" "johny.bog@gmail.com"
3 "kevin" "crook" "kc@yahoo.co"
4 "paul" "mich" "pmich@yahoo.com"
5 "michal" "host" "mhost@outlook.co.in"
6 "mil" "d" "mild@hotmail.com"
7 "chil" "pil" "cpil@gmail.edu"
8 "pil" "gil" "pgil@gmail.com"
9 "george" "lanc" "glanc@google.io"
10 "levis" "jeans" "ljeans@gmail.com"
11 "holister" "shirt" "hs@gmail.com"
12 "american" "pant" "apant@yahoo.com"
13 "eagle" "bull" "ebull@yahoo.com"
14 "seagul" "tool" "st@gmail.com"
15 "birdy" "crack" "bc@outlook.co"
16 "paul" "mich" "pmich@yahoo.com"
17 "kevin" "crook" "kc@yahoo.co"
18 "john" "doe" "johndoe@gmail.com"
19 "mil" "d" "mild@hotmail.com"
20 "pil" "gil" "pgil@gmail.com"